<?xml version="1.0" encoding="UTF-8"?>
<!-- Generated by org.testng.reporters.JUnitReportReporter -->
<testsuite hostname="Malik" failures="0" tests="1" name="testCases.TC_001_AccountRegistrationTest" time="2.240" errors="0" timestamp="2023-12-05T01:13:28 EST" skipped="0">
  <testcase classname="testCases.TC_001_AccountRegistrationTest" name="verify_account_registration" time="2.240"/>
</testsuite> <!-- testCases.TC_001_AccountRegistrationTest -->
