<?xml version="1.0" encoding="UTF-8"?>
<!-- Generated by org.testng.reporters.JUnitReportReporter -->
<testsuite hostname="Malik" failures="0" tests="5" name="testCases.TC_003_LoginDDT" time="42.078" errors="0" timestamp="2023-12-05T01:13:28 EST" skipped="0">
  <testcase classname="testCases.TC_003_LoginDDT" name="verify_loginDDT" time="11.783"/>
  <testcase classname="testCases.TC_003_LoginDDT" name="verify_loginDDT" time="3.153"/>
  <testcase classname="testCases.TC_003_LoginDDT" name="verify_loginDDT" time="12.071"/>
  <testcase classname="testCases.TC_003_LoginDDT" name="verify_loginDDT" time="3.839"/>
  <testcase classname="testCases.TC_003_LoginDDT" name="verify_loginDDT" time="11.232"/>
</testsuite> <!-- testCases.TC_003_LoginDDT -->
