<?xml version="1.0" encoding="UTF-8"?>
<!-- Generated by org.testng.reporters.JUnitReportReporter -->
<testsuite hostname="Malik" failures="0" tests="5" name="testCases.TC_003_LoginDDT" time="40.312" errors="0" timestamp="2023-12-05T09:45:45 EST" skipped="0">
  <testcase classname="testCases.TC_003_LoginDDT" name="verify_loginDDT" time="11.315"/>
  <testcase classname="testCases.TC_003_LoginDDT" name="verify_loginDDT" time="11.817"/>
  <testcase classname="testCases.TC_003_LoginDDT" name="verify_loginDDT" time="11.409"/>
  <testcase classname="testCases.TC_003_LoginDDT" name="verify_loginDDT" time="2.574"/>
  <testcase classname="testCases.TC_003_LoginDDT" name="verify_loginDDT" time="3.197"/>
</testsuite> <!-- testCases.TC_003_LoginDDT -->
